Using pre-set license
Built from '2020.3/staging' branch; Version is '2020.3.32f1 (12f8b0834f07) revision 1243312'; Using compiler version '192528614'; Build Type 'Release'
OS: 'Windows 10  (10.0.19044) 64bit CoreSingleLanguage' Language: 'en' Physical Memory: 18367 MB
BatchMode: 1, IsHumanControllingUs: 0, StartBugReporterOnCrash: 0, Is64bit: 1, IsPro: 0

COMMAND LINE ARGUMENTS:
D:\Program Files\Unity\Unity Editor\2020.3.32f1\Editor\Unity.exe
-adb2
-batchMode
-noUpm
-name
AssetImportWorker0
-projectPath
D:/UnityDocuments/ARKANOID
-logFile
Logs/AssetImportWorker0.log
-srvPort
62522
Successfully changed project path to: D:/UnityDocuments/ARKANOID
D:/UnityDocuments/ARKANOID
Using Asset Import Pipeline V2.
Refreshing native plugins compatible for Editor in 51.54 ms, found 2 plugins.
Preloading 0 native plugins for Editor in 0.00 ms.
Initialize engine version: 2020.3.32f1 (12f8b0834f07)
[Subsystems] Discovering subsystems at path D:/Program Files/Unity/Unity Editor/2020.3.32f1/Editor/Data/Resources/UnitySubsystems
[Subsystems] Discovering subsystems at path D:/UnityDocuments/ARKANOID/Assets
GfxDevice: creating device client; threaded=0
Direct3D:
    Version:  Direct3D 11.0 [level 11.1]
    Renderer: NVIDIA GeForce GTX 1050 (ID=0x1c8d)
    Vendor:   
    VRAM:     4021 MB
    Driver:   30.0.14.7212
Initialize mono
Mono path[0] = 'D:/Program Files/Unity/Unity Editor/2020.3.32f1/Editor/Data/Managed'
Mono path[1] = 'D:/Program Files/Unity/Unity Editor/2020.3.32f1/Editor/Data/MonoBleedingEdge/lib/mono/unityjit'
Mono config path = 'D:/Program Files/Unity/Unity Editor/2020.3.32f1/Editor/Data/MonoBleedingEdge/etc'
Using monoOptions --debugger-agent=transport=dt_socket,embedding=1,server=y,suspend=n,address=127.0.0.1:56624
Begin MonoManager ReloadAssembly
Registering precompiled unity dll's ...
Register platform support module: D:/Program Files/Unity/Unity Editor/2020.3.32f1/Editor/Data/PlaybackEngines/WebGLSupport/UnityEditor.WebGL.Extensions.dll
Register platform support module: D:/Program Files/Unity/Unity Editor/2020.3.32f1/Editor/Data/PlaybackEngines/WindowsStandaloneSupport/UnityEditor.WindowsStandalone.Extensions.dll
Registered in 0.002426 seconds.
Native extension for WindowsStandalone target not found
Native extension for WebGL target not found
Refreshing native plugins compatible for Editor in 34.74 ms, found 2 plugins.
Preloading 0 native plugins for Editor in 0.00 ms.
Mono: successfully reloaded assembly
- Completed reload, in  0.747 seconds
Domain Reload Profiling:
	ReloadAssembly (747ms)
		BeginReloadAssembly (72ms)
			ExecutionOrderSort (0ms)
			DisableScriptedObjects (0ms)
			BackupInstance (0ms)
			ReleaseScriptingObjects (0ms)
			CreateAndSetChildDomain (1ms)
		EndReloadAssembly (593ms)
			LoadAssemblies (72ms)
			RebuildTransferFunctionScriptingTraits (0ms)
			SetupTypeCache (211ms)
			ReleaseScriptCaches (0ms)
			RebuildScriptCaches (43ms)
			SetupLoadedEditorAssemblies (189ms)
				LogAssemblyErrors (0ms)
				InitializePlatformSupportModulesInManaged (5ms)
				SetLoadedEditorAssemblies (0ms)
				RefreshPlugins (35ms)
				BeforeProcessingInitializeOnLoad (19ms)
				ProcessInitializeOnLoadAttributes (97ms)
				ProcessInitializeOnLoadMethodAttributes (33ms)
				AfterProcessingInitializeOnLoad (0ms)
				EditorAssembliesLoaded (0ms)
			ExecutionOrderSort2 (0ms)
			AwakeInstancesAfterBackupRestoration (0ms)
Platform modules already initialized, skipping
Registering precompiled user dll's ...
Registered in 0.002174 seconds.
Begin MonoManager ReloadAssembly
Native extension for WindowsStandalone target not found
Native extension for WebGL target not found
Refreshing native plugins compatible for Editor in 0.33 ms, found 2 plugins.
Preloading 0 native plugins for Editor in 0.00 ms.
Mono: successfully reloaded assembly
- Completed reload, in  1.372 seconds
Domain Reload Profiling:
	ReloadAssembly (1373ms)
		BeginReloadAssembly (198ms)
			ExecutionOrderSort (0ms)
			DisableScriptedObjects (6ms)
			BackupInstance (0ms)
			ReleaseScriptingObjects (0ms)
			CreateAndSetChildDomain (33ms)
		EndReloadAssembly (1107ms)
			LoadAssemblies (287ms)
			RebuildTransferFunctionScriptingTraits (0ms)
			SetupTypeCache (335ms)
			ReleaseScriptCaches (1ms)
			RebuildScriptCaches (50ms)
			SetupLoadedEditorAssemblies (347ms)
				LogAssemblyErrors (0ms)
				InitializePlatformSupportModulesInManaged (7ms)
				SetLoadedEditorAssemblies (0ms)
				RefreshPlugins (0ms)
				BeforeProcessingInitializeOnLoad (84ms)
				ProcessInitializeOnLoadAttributes (240ms)
				ProcessInitializeOnLoadMethodAttributes (13ms)
				AfterProcessingInitializeOnLoad (3ms)
				EditorAssembliesLoaded (0ms)
			ExecutionOrderSort2 (0ms)
			AwakeInstancesAfterBackupRestoration (8ms)
Platform modules already initialized, skipping
========================================================================
Worker process is ready to serve import requests
Launched and connected shader compiler UnityShaderCompiler.exe after 0.07 seconds
Refreshing native plugins compatible for Editor in 0.40 ms, found 2 plugins.
Preloading 0 native plugins for Editor in 0.00 ms.
Unloading 1512 Unused Serialized files (Serialized files now loaded: 0)
System memory in use before: 68.8 MB.
System memory in use after: 68.9 MB.

Unloading 16 unused Assets to reduce memory usage. Loaded Objects now: 1948.
Total: 4.590200 ms (FindLiveObjects: 0.165200 ms CreateObjectMapping: 0.049200 ms MarkObjects: 4.240800 ms  DeleteObjects: 0.133500 ms)

AssetImportParameters requested are different than current active one (requested -> active):
  custom:framework-win-MediaFoundation: 216162199b28c13a410421893ffa2e32 -> 
  custom:video-decoder-ogg-theora: a1e56fd34408186e4bbccfd4996cb3dc -> 
  custom:container-muxer-webm: aa71ff27fc2769a1b78a27578f13a17b -> 
  custom:container-demuxer-webm: 4f35f7cbe854078d1ac9338744f61a02 -> 
  custom:container-demuxer-ogg: 62fdf1f143b41e24485cea50d1cbac27 -> 
  custom:video-encoder-webm-vp8: eb34c28f22e8b96e1ab97ce403110664 -> 
  custom:video-decoder-webm-vp8: 9c59270c3fd7afecdb556c50c9e8de78 -> 
  custom:audio-decoder-ogg-vorbis: bf7c407c2cedff20999df2af8eb42d56 -> 
  custom:audio-encoder-webm-vorbis: bf7c407c2cedff20999df2af8eb42d56 -> 
========================================================================
Received Import Request.
  path: Assets/Levels
  artifactKey: Guid(2a7cd183d9219524e815f0d3fc1f5961) Importer(815301076,1909f56bfc062723c751e8b465ee728b)
Start importing Assets/Levels using Guid(2a7cd183d9219524e815f0d3fc1f5961) Importer(815301076,1909f56bfc062723c751e8b465ee728b)  -> (artifact id: '4073c39dc4b382dfb1682dd8e42730eb') in 0.004056 seconds 
========================================================================
Received Import Request.
  Time since last request: 0.000355 seconds.
  path: Assets/Levels/MainMenu.unity
  artifactKey: Guid(0cb591a8bbb4eb74089ce24cb5eb5e14) Importer(815301076,1909f56bfc062723c751e8b465ee728b)
Start importing Assets/Levels/MainMenu.unity using Guid(0cb591a8bbb4eb74089ce24cb5eb5e14) Importer(815301076,1909f56bfc062723c751e8b465ee728b)  -> (artifact id: '677d209720a55ae377f20bc70304faed') in 0.001622 seconds 
========================================================================
Received Import Request.
  Time since last request: 127.655223 seconds.
  path: Assets/Sprites
  artifactKey: Guid(ecd74ef6569a6eb4da285ab400493a7e) Importer(815301076,1909f56bfc062723c751e8b465ee728b)
Start importing Assets/Sprites using Guid(ecd74ef6569a6eb4da285ab400493a7e) Importer(815301076,1909f56bfc062723c751e8b465ee728b)  -> (artifact id: 'b7d20a5015bc599825dc16180a15f234') in 0.001828 seconds 
========================================================================
Received Import Request.
  Time since last request: 0.051601 seconds.
  path: Assets/Sprites/background.jpg
  artifactKey: Guid(fd4c731acfd1d834d82b0b326f6b697f) Importer(815301076,1909f56bfc062723c751e8b465ee728b)
Start importing Assets/Sprites/background.jpg using Guid(fd4c731acfd1d834d82b0b326f6b697f) Importer(815301076,1909f56bfc062723c751e8b465ee728b)  -> (artifact id: 'e589a79d8dd4ec227a6457ee3f89a022') in 0.150516 seconds 
========================================================================
Received Import Request.
  Time since last request: 0.000293 seconds.
  path: Assets/Sprites/Wall2.png
  artifactKey: Guid(ab206467fdb1a7f41baaf4083d4b6bca) Importer(815301076,1909f56bfc062723c751e8b465ee728b)
Start importing Assets/Sprites/Wall2.png using Guid(ab206467fdb1a7f41baaf4083d4b6bca) Importer(815301076,1909f56bfc062723c751e8b465ee728b)  -> (artifact id: '878b7d37586341825182903e56ac77d6') in 0.024201 seconds 
========================================================================
Received Import Request.
  Time since last request: 0.000353 seconds.
  path: Assets/Sprites/PowerUps.png
  artifactKey: Guid(3389c9fe026b88840af0fde757183cd6) Importer(815301076,1909f56bfc062723c751e8b465ee728b)
Start importing Assets/Sprites/PowerUps.png using Guid(3389c9fe026b88840af0fde757183cd6) Importer(815301076,1909f56bfc062723c751e8b465ee728b)  -> (artifact id: 'c4e6750171a0215bc0db0c2a21d84744') in 0.230354 seconds 
========================================================================
Received Import Request.
  Time since last request: 0.000225 seconds.
  path: Assets/Sprites/logo.png
  artifactKey: Guid(39ad2e9620009a04fb21b1ef0651d24c) Importer(815301076,1909f56bfc062723c751e8b465ee728b)
Start importing Assets/Sprites/logo.png using Guid(39ad2e9620009a04fb21b1ef0651d24c) Importer(815301076,1909f56bfc062723c751e8b465ee728b)  -> (artifact id: '124de2c4d9ebf9764f676e3b1741607e') in 0.028824 seconds 
========================================================================
Received Import Request.
  Time since last request: 0.000320 seconds.
  path: Assets/Sprites/ball.png
  artifactKey: Guid(598fc2845867bbd4b8257c5e4e2720bf) Importer(815301076,1909f56bfc062723c751e8b465ee728b)
Start importing Assets/Sprites/ball.png using Guid(598fc2845867bbd4b8257c5e4e2720bf) Importer(815301076,1909f56bfc062723c751e8b465ee728b)  -> (artifact id: '5479572892b0d8f9ad18181669c3ed43') in 0.018483 seconds 
========================================================================
Received Import Request.
  Time since last request: 0.000278 seconds.
  path: Assets/Sprites/paddle.png
  artifactKey: Guid(f1243383cbfbe624b90b50ab805f2571) Importer(815301076,1909f56bfc062723c751e8b465ee728b)
Start importing Assets/Sprites/paddle.png using Guid(f1243383cbfbe624b90b50ab805f2571) Importer(815301076,1909f56bfc062723c751e8b465ee728b)  -> (artifact id: '69b053c9516f0f178a5384ee39a49ee0') in 0.014527 seconds 
========================================================================
Received Import Request.
  Time since last request: 0.000312 seconds.
  path: Assets/Sprites/Wall1.png
  artifactKey: Guid(c0a4d1c6ed272f94db660b3096ec807c) Importer(815301076,1909f56bfc062723c751e8b465ee728b)
Start importing Assets/Sprites/Wall1.png using Guid(c0a4d1c6ed272f94db660b3096ec807c) Importer(815301076,1909f56bfc062723c751e8b465ee728b)  -> (artifact id: '834ae32a2fca4d3fa5bb4f910b099a9e') in 0.015144 seconds 
========================================================================
Received Import Request.
  Time since last request: 2.237200 seconds.
  path: Assets/Sprites/BackDrop.png
  artifactKey: Guid(1308d28f5845eee47b9101cbbec62268) Importer(815301076,1909f56bfc062723c751e8b465ee728b)
Start importing Assets/Sprites/BackDrop.png using Guid(1308d28f5845eee47b9101cbbec62268) Importer(815301076,1909f56bfc062723c751e8b465ee728b)  -> (artifact id: 'efc69757ecc5dd7fc453dd4559809488') in 0.017179 seconds 
========================================================================
Received Import Request.
  Time since last request: 2.735533 seconds.
  path: Assets/Sprites/RemWorks Studios (3).png
  artifactKey: Guid(18924da338aeef543965fc252c283468) Importer(815301076,1909f56bfc062723c751e8b465ee728b)
Start importing Assets/Sprites/RemWorks Studios (3).png using Guid(18924da338aeef543965fc252c283468) Importer(815301076,1909f56bfc062723c751e8b465ee728b)  -> (artifact id: '306e56e2878ce68375f68c22447d6637') in 0.016961 seconds 
========================================================================
Received Import Request.
  Time since last request: 16.116775 seconds.
  path: Assets/Sprites/BackDrop.png
  artifactKey: Guid(1308d28f5845eee47b9101cbbec62268) Importer(815301076,1909f56bfc062723c751e8b465ee728b)
Start importing Assets/Sprites/BackDrop.png using Guid(1308d28f5845eee47b9101cbbec62268) Importer(815301076,1909f56bfc062723c751e8b465ee728b)  -> (artifact id: 'c3d96fed5b86c3b224af369fb7767e5d') in 0.040287 seconds 
========================================================================
Received Import Request.
  Time since last request: 0.000330 seconds.
  path: Assets/Sprites/RemWorks Studios (3).png
  artifactKey: Guid(18924da338aeef543965fc252c283468) Importer(815301076,1909f56bfc062723c751e8b465ee728b)
Start importing Assets/Sprites/RemWorks Studios (3).png using Guid(18924da338aeef543965fc252c283468) Importer(815301076,1909f56bfc062723c751e8b465ee728b)  -> (artifact id: 'd8f8e2efc560e94ce57dfb1387742fc4') in 0.030935 seconds 
========================================================================
Received Prepare
Refreshing native plugins compatible for Editor in 4.28 ms, found 2 plugins.
Preloading 0 native plugins for Editor in 0.00 ms.
Unloading 10 Unused Serialized files (Serialized files now loaded: 0)
System memory in use before: 42.4 MB.
System memory in use after: 42.5 MB.

Unloading 9 unused Assets to reduce memory usage. Loaded Objects now: 1967.
Total: 4.506800 ms (FindLiveObjects: 0.175300 ms CreateObjectMapping: 0.064600 ms MarkObjects: 4.243700 ms  DeleteObjects: 0.022400 ms)

AssetImportParameters requested are different than current active one (requested -> active):
  custom:framework-win-MediaFoundation: 216162199b28c13a410421893ffa2e32 -> 
  custom:video-decoder-ogg-theora: a1e56fd34408186e4bbccfd4996cb3dc -> 
  custom:container-muxer-webm: aa71ff27fc2769a1b78a27578f13a17b -> 
  custom:container-demuxer-webm: 4f35f7cbe854078d1ac9338744f61a02 -> 
  custom:container-demuxer-ogg: 62fdf1f143b41e24485cea50d1cbac27 -> 
  custom:video-encoder-webm-vp8: eb34c28f22e8b96e1ab97ce403110664 -> 
  custom:video-decoder-webm-vp8: 9c59270c3fd7afecdb556c50c9e8de78 -> 
  custom:audio-decoder-ogg-vorbis: bf7c407c2cedff20999df2af8eb42d56 -> 
  custom:audio-encoder-webm-vorbis: bf7c407c2cedff20999df2af8eb42d56 -> 
AssetImportWorkerClient::OnTransportError - code=2 error=End of file
